Arguments: 
  /opt/homebrew/Cellar/node/19.2.0/bin/node /opt/homebrew/Cellar/yarn/1.22.19/libexec/bin/yarn.js init

PATH: 
  /opt/homebrew/bin:/opt/homebrew/sbin:/usr/local/bin:/System/Cryptexes/App/usr/bin:/usr/bin:/bin:/usr/sbin:/sbin:/Library/Apple/usr/bin:/Users/augeid/Library/Android/sdk/emulator:/Users/augeid/Library/Android/sdk/tools:/Users/augeid/Library/Android/sdk/platform-tools:/Users/augeid/Library/Application Support/JetBrains/Toolbox/scripts:/opt/homebrew/opt/fzf/bin:/Users/augeid/.bin

Yarn version: 
  1.22.19

Node version: 
  19.2.0

Platform: 
  darwin arm64

Trace: 
  Error: canceled
      at Interface.<anonymous> (/opt/homebrew/Cellar/yarn/1.22.19/libexec/lib/cli.js:137150:13)
      at Interface.emit (node:events:513:28)
      at [_ttyWrite] [as _ttyWrite] (node:internal/readline/interface:1125:18)
      at ReadStream.onkeypress (node:internal/readline/interface:274:20)
      at ReadStream.emit (node:events:513:28)
      at emitKeys (node:internal/readline/utils:357:14)
      at emitKeys.next (<anonymous>)
      at ReadStream.onData (node:internal/readline/emitKeypressEvents:64:36)
      at ReadStream.emit (node:events:513:28)
      at addChunk (node:internal/streams/readable:324:12)

npm manifest: 
  No manifest

yarn manifest: 
  No manifest

Lockfile: 
  # THIS IS AN AUTOGENERATED FILE. DO NOT EDIT THIS FILE DIRECTLY.
  # yarn lockfile v1
